<?xml version="1.0" encoding="UTF-8"?>
<!-- Generated by org.testng.reporters.JUnitXMLReporter -->
<testsuite ignored="0" hostname="LAPTOP-CR4SMF10" failures="0" tests="4" name="Default test" time="117.507" errors="0" timestamp="2022-06-17T22:16:34 EEST">
  <testcase classname="MusalaSoftTestPkg.Tests" name="TestCase1" time="60.398"/>
  <testcase classname="MusalaSoftTestPkg.Tests" name="TestCase2" time="4.222"/>
  <testcase classname="MusalaSoftTestPkg.Tests" name="TestCase3" time="18.702"/>
  <testcase classname="MusalaSoftTestPkg.Tests" name="TestCase4" time="9.283"/>
</testsuite> <!-- Default test -->
