<?xml version="1.0" encoding="UTF-8"?>
<testng-results ignored="0" total="4" passed="4" failed="0" skipped="0">
  <reporter-output>
  </reporter-output>
  <suite started-at="2022-06-17T22:14:36 EEST" name="Default suite" finished-at="2022-06-17T22:16:34 EEST" duration-ms="117507">
    <groups>
    </groups>
    <test started-at="2022-06-17T22:14:36 EEST" name="Default test" finished-at="2022-06-17T22:16:34 EEST" duration-ms="117507">
      <class name="MusalaSoftTestPkg.Tests">
        <test-method is-config="true" signature="ReadConfig()[pri:0, instance:MusalaSoftTestPkg.Tests@1af2d44a]" started-at="2022-06-17T22:14:36 EEST" name="ReadConfig" finished-at="2022-06-17T22:14:36 EEST" duration-ms="9" status="PASS">
          <reporter-output>
          </reporter-output>
        </test-method> <!-- ReadConfig -->
        <test-method is-config="true" signature="beforeMethod()[pri:0, instance:MusalaSoftTestPkg.Tests@1af2d44a]" started-at="2022-06-17T22:14:36 EEST" name="beforeMethod" finished-at="2022-06-17T22:14:47 EEST" duration-ms="11279" status="PASS">
          <reporter-output>
          </reporter-output>
        </test-method> <!-- beforeMethod -->
        <test-method signature="TestCase1()[pri:0, instance:MusalaSoftTestPkg.Tests@1af2d44a]" started-at="2022-06-17T22:14:47 EEST" name="TestCase1" finished-at="2022-06-17T22:15:48 EEST" duration-ms="60398" status="PASS">
          <reporter-output>
          </reporter-output>
        </test-method> <!-- TestCase1 -->
        <test-method is-config="true" signature="afterMethod()[pri:0, instance:MusalaSoftTestPkg.Tests@1af2d44a]" started-at="2022-06-17T22:15:48 EEST" name="afterMethod" finished-at="2022-06-17T22:15:49 EEST" duration-ms="779" status="PASS">
          <reporter-output>
          </reporter-output>
        </test-method> <!-- afterMethod -->
        <test-method is-config="true" signature="beforeMethod()[pri:0, instance:MusalaSoftTestPkg.Tests@1af2d44a]" started-at="2022-06-17T22:15:49 EEST" name="beforeMethod" finished-at="2022-06-17T22:15:52 EEST" duration-ms="3399" status="PASS">
          <reporter-output>
          </reporter-output>
        </test-method> <!-- beforeMethod -->
        <test-method signature="TestCase2()[pri:0, instance:MusalaSoftTestPkg.Tests@1af2d44a]" started-at="2022-06-17T22:15:52 EEST" name="TestCase2" finished-at="2022-06-17T22:15:56 EEST" duration-ms="4222" status="PASS">
          <reporter-output>
          </reporter-output>
        </test-method> <!-- TestCase2 -->
        <test-method is-config="true" signature="afterMethod()[pri:0, instance:MusalaSoftTestPkg.Tests@1af2d44a]" started-at="2022-06-17T22:15:56 EEST" name="afterMethod" finished-at="2022-06-17T22:15:57 EEST" duration-ms="798" status="PASS">
          <reporter-output>
          </reporter-output>
        </test-method> <!-- afterMethod -->
        <test-method is-config="true" signature="beforeMethod()[pri:0, instance:MusalaSoftTestPkg.Tests@1af2d44a]" started-at="2022-06-17T22:15:57 EEST" name="beforeMethod" finished-at="2022-06-17T22:16:01 EEST" duration-ms="3618" status="PASS">
          <reporter-output>
          </reporter-output>
        </test-method> <!-- beforeMethod -->
        <test-method signature="TestCase3()[pri:0, instance:MusalaSoftTestPkg.Tests@1af2d44a]" started-at="2022-06-17T22:16:01 EEST" name="TestCase3" finished-at="2022-06-17T22:16:19 EEST" duration-ms="18702" status="PASS">
          <reporter-output>
          </reporter-output>
        </test-method> <!-- TestCase3 -->
        <test-method is-config="true" signature="afterMethod()[pri:0, instance:MusalaSoftTestPkg.Tests@1af2d44a]" started-at="2022-06-17T22:16:19 EEST" name="afterMethod" finished-at="2022-06-17T22:16:20 EEST" duration-ms="755" status="PASS">
          <reporter-output>
          </reporter-output>
        </test-method> <!-- afterMethod -->
        <test-method is-config="true" signature="beforeMethod()[pri:0, instance:MusalaSoftTestPkg.Tests@1af2d44a]" started-at="2022-06-17T22:16:20 EEST" name="beforeMethod" finished-at="2022-06-17T22:16:24 EEST" duration-ms="3447" status="PASS">
          <reporter-output>
          </reporter-output>
        </test-method> <!-- beforeMethod -->
        <test-method signature="TestCase4()[pri:0, instance:MusalaSoftTestPkg.Tests@1af2d44a]" started-at="2022-06-17T22:16:24 EEST" name="TestCase4" finished-at="2022-06-17T22:16:33 EEST" duration-ms="9283" status="PASS">
          <reporter-output>
          </reporter-output>
        </test-method> <!-- TestCase4 -->
        <test-method is-config="true" signature="afterMethod()[pri:0, instance:MusalaSoftTestPkg.Tests@1af2d44a]" started-at="2022-06-17T22:16:33 EEST" name="afterMethod" finished-at="2022-06-17T22:16:34 EEST" duration-ms="771" status="PASS">
          <reporter-output>
          </reporter-output>
        </test-method> <!-- afterMethod -->
      </class> <!-- MusalaSoftTestPkg.Tests -->
    </test> <!-- Default test -->
  </suite> <!-- Default suite -->
</testng-results>
